<?xml version="1.0" encoding="UTF-8"?>
<!-- Generated by org.testng.reporters.JUnitReportReporter -->
<testsuite skipped="0" hostname="DESKTOP-S3RV3MH" name="locator.builder.HtmlPage" tests="1" failures="0" timestamp="03 Jan 2021 09:33:26 GMT" time="141.031" errors="0">
  <testcase name="xpathBuilder" time="141.031" classname="locator.builder.HtmlPage"/>
</testsuite> <!-- locator.builder.HtmlPage -->
